[0.599s] DEBUG:colcon:Command line arguments: ['/usr/bin/colcon', 'build', '--symlink-install']
[0.599s] DEBUG:colcon:Parsed command line arguments: Namespace(log_base=None, log_level=None, verb_name='build', build_base='build', install_base='install', merge_install=False, symlink_install=True, test_result_base=None, continue_on_error=False, executor='parallel', parallel_workers=8, event_handlers=None, ignore_user_meta=False, metas=['./colcon.meta'], base_paths=['.'], packages_ignore=None, packages_ignore_regex=None, paths=None, packages_up_to=None, packages_up_to_regex=None, packages_above=None, packages_above_and_dependencies=None, packages_above_depth=None, packages_select_by_dep=None, packages_skip_by_dep=None, packages_skip_up_to=None, packages_select_build_failed=False, packages_skip_build_finished=False, packages_select_test_failures=False, packages_skip_test_passed=False, packages_select=None, packages_skip=None, packages_select_regex=None, packages_skip_regex=None, packages_start=None, packages_end=None, allow_overriding=[], cmake_args=None, cmake_target=None, cmake_target_skip_unavailable=False, cmake_clean_cache=False, cmake_clean_first=False, cmake_force_configure=False, ament_cmake_args=None, catkin_cmake_args=None, catkin_skip_building_tests=False, mixin_files=None, mixin=None, verb_parser=<colcon_mixin.mixin.mixin_argument.MixinArgumentDecorator object at 0x70957d453c40>, verb_extension=<colcon_core.verb.build.BuildVerb object at 0x70957d4536d0>, main=<bound method BuildVerb.main of <colcon_core.verb.build.BuildVerb object at 0x70957d4536d0>>, mixin_verb=('build',))
[0.913s] Level 1:colcon.colcon_core.package_discovery:discover_packages(colcon_meta) check parameters
[0.913s] Level 1:colcon.colcon_core.package_discovery:discover_packages(recursive) check parameters
[0.913s] Level 1:colcon.colcon_core.package_discovery:discover_packages(ignore) check parameters
[0.913s] Level 1:colcon.colcon_core.package_discovery:discover_packages(path) check parameters
[0.913s] Level 1:colcon.colcon_core.package_discovery:discover_packages(colcon_meta) discover
[0.913s] Level 1:colcon.colcon_core.package_discovery:discover_packages(recursive) discover
[0.913s] INFO:colcon.colcon_core.package_discovery:Crawling recursively for packages in '/home/victoria_rotich/gamefield'
[0.913s] Level 1:colcon.colcon_core.package_identification:_identify(.) by extensions ['ignore', 'ignore_ament_install']
[0.914s] Level 1:colcon.colcon_core.package_identification:_identify(.) by extension 'ignore'
[0.914s] Level 1:colcon.colcon_core.package_identification:_identify(.) by extension 'ignore_ament_install'
[0.914s] Level 1:colcon.colcon_core.package_identification:_identify(.) by extensions ['colcon_pkg']
[0.914s] Level 1:colcon.colcon_core.package_identification:_identify(.) by extension 'colcon_pkg'
[0.914s] Level 1:colcon.colcon_core.package_identification:_identify(.) by extensions ['colcon_meta']
[0.914s] Level 1:colcon.colcon_core.package_identification:_identify(.) by extension 'colcon_meta'
[0.914s] Level 1:colcon.colcon_core.package_identification:_identify(.) by extensions ['ros']
[0.914s] Level 1:colcon.colcon_core.package_identification:_identify(.) by extension 'ros'
[0.931s] Level 1:colcon.colcon_core.package_identification:_identify(.) by extensions ['cmake', 'python']
[0.931s] Level 1:colcon.colcon_core.package_identification:_identify(.) by extension 'cmake'
[0.932s] Level 1:colcon.colcon_core.package_identification:_identify(.) by extension 'python'
[0.932s] Level 1:colcon.colcon_core.package_identification:_identify(.) by extensions ['python_setup_py']
[0.932s] Level 1:colcon.colcon_core.package_identification:_identify(.) by extension 'python_setup_py'
[0.932s] Level 1:colcon.colcon_core.package_identification:_identify(build) by extensions ['ignore', 'ignore_ament_install']
[0.932s] Level 1:colcon.colcon_core.package_identification:_identify(build) by extension 'ignore'
[0.932s] Level 1:colcon.colcon_core.package_identification:_identify(build) ignored
[0.932s] Level 1:colcon.colcon_core.package_identification:_identify(gamefield) by extensions ['ignore', 'ignore_ament_install']
[0.932s] Level 1:colcon.colcon_core.package_identification:_identify(gamefield) by extension 'ignore'
[0.933s] Level 1:colcon.colcon_core.package_identification:_identify(gamefield) by extension 'ignore_ament_install'
[0.933s] Level 1:colcon.colcon_core.package_identification:_identify(gamefield) by extensions ['colcon_pkg']
[0.933s] Level 1:colcon.colcon_core.package_identification:_identify(gamefield) by extension 'colcon_pkg'
[0.933s] Level 1:colcon.colcon_core.package_identification:_identify(gamefield) by extensions ['colcon_meta']
[0.933s] Level 1:colcon.colcon_core.package_identification:_identify(gamefield) by extension 'colcon_meta'
[0.933s] Level 1:colcon.colcon_core.package_identification:_identify(gamefield) by extensions ['ros']
[0.933s] Level 1:colcon.colcon_core.package_identification:_identify(gamefield) by extension 'ros'
[0.936s] DEBUG:colcon.colcon_core.package_identification:Package 'gamefield' with type 'ros.ament_cmake' and name 'gamefield'
[0.936s] Level 1:colcon.colcon_core.package_identification:_identify(install) by extensions ['ignore', 'ignore_ament_install']
[0.937s] Level 1:colcon.colcon_core.package_identification:_identify(install) by extension 'ignore'
[0.937s] Level 1:colcon.colcon_core.package_identification:_identify(install) ignored
[0.937s] Level 1:colcon.colcon_core.package_identification:_identify(log) by extensions ['ignore', 'ignore_ament_install']
[0.937s] Level 1:colcon.colcon_core.package_identification:_identify(log) by extension 'ignore'
[0.937s] Level 1:colcon.colcon_core.package_identification:_identify(log) ignored
[0.937s] Level 1:colcon.colcon_core.package_discovery:discover_packages(recursive) using defaults
[0.937s] Level 1:colcon.colcon_core.package_discovery:discover_packages(ignore) discover
[0.937s] Level 1:colcon.colcon_core.package_discovery:discover_packages(ignore) using defaults
[0.937s] Level 1:colcon.colcon_core.package_discovery:discover_packages(path) discover
[0.937s] Level 1:colcon.colcon_core.package_discovery:discover_packages(path) using defaults
[0.982s] Level 1:colcon.colcon_core.package_discovery:discover_packages(prefix_path) check parameters
[0.982s] Level 1:colcon.colcon_core.package_discovery:discover_packages(prefix_path) discover
[0.985s] DEBUG:colcon.colcon_installed_package_information.package_discovery:Found 5 installed packages in /home/victoria_rotich/dojo_robotics_2025/install
[0.986s] DEBUG:colcon.colcon_installed_package_information.package_discovery:Found 1 installed packages in /home/victoria_rotich/ros2_ws/install
[0.986s] DEBUG:colcon.colcon_installed_package_information.package_discovery:Found 1 installed packages in /home/victoria_rotich/dojo_robotics_2025/src/install
[0.989s] DEBUG:colcon.colcon_installed_package_information.package_discovery:Found 374 installed packages in /opt/ros/humble
[1.664s] Level 1:colcon.colcon_core.package_discovery:discover_packages(prefix_path) using defaults
[1.845s] Level 5:colcon.colcon_core.verb:set package 'gamefield' build argument 'cmake_args' from command line to 'None'
[1.845s] Level 5:colcon.colcon_core.verb:set package 'gamefield' build argument 'cmake_target' from command line to 'None'
[1.845s] Level 5:colcon.colcon_core.verb:set package 'gamefield' build argument 'cmake_target_skip_unavailable' from command line to 'False'
[1.845s] Level 5:colcon.colcon_core.verb:set package 'gamefield' build argument 'cmake_clean_cache' from command line to 'False'
[1.845s] Level 5:colcon.colcon_core.verb:set package 'gamefield' build argument 'cmake_clean_first' from command line to 'False'
[1.845s] Level 5:colcon.colcon_core.verb:set package 'gamefield' build argument 'cmake_force_configure' from command line to 'False'
[1.845s] Level 5:colcon.colcon_core.verb:set package 'gamefield' build argument 'ament_cmake_args' from command line to 'None'
[1.845s] Level 5:colcon.colcon_core.verb:set package 'gamefield' build argument 'catkin_cmake_args' from command line to 'None'
[1.845s] Level 5:colcon.colcon_core.verb:set package 'gamefield' build argument 'catkin_skip_building_tests' from command line to 'False'
[1.846s] DEBUG:colcon.colcon_core.verb:Building package 'gamefield' with the following arguments: {'ament_cmake_args': None, 'build_base': '/home/victoria_rotich/gamefield/build/gamefield', 'catkin_cmake_args': None, 'catkin_skip_building_tests': False, 'cmake_args': None, 'cmake_clean_cache': False, 'cmake_clean_first': False, 'cmake_force_configure': False, 'cmake_target': None, 'cmake_target_skip_unavailable': False, 'install_base': '/home/victoria_rotich/gamefield/install/gamefield', 'merge_install': False, 'path': '/home/victoria_rotich/gamefield/gamefield', 'symlink_install': True, 'test_result_base': None}
[1.846s] INFO:colcon.colcon_core.executor:Executing jobs using 'parallel' executor
[1.848s] DEBUG:colcon.colcon_parallel_executor.executor.parallel:run_until_complete
[1.849s] INFO:colcon.colcon_ros.task.ament_cmake.build:Building ROS package in '/home/victoria_rotich/gamefield/gamefield' with build type 'ament_cmake'
[1.850s] INFO:colcon.colcon_cmake.task.cmake.build:Building CMake package in '/home/victoria_rotich/gamefield/gamefield'
[1.854s] INFO:colcon.colcon_core.plugin_system:Skipping extension 'colcon_core.shell.bat': Not used on non-Windows systems
[1.855s] INFO:colcon.colcon_core.shell:Skip shell extension 'powershell' for command environment: Not usable outside of PowerShell
[1.855s] DEBUG:colcon.colcon_core.shell:Skip shell extension 'dsv' for command environment
[1.881s] DEBUG:colcon.colcon_core.event_handler.log_command:Invoking command in '/home/victoria_rotich/gamefield/build/gamefield': CMAKE_PREFIX_PATH=${CMAKE_PREFIX_PATH}:/home/victoria_rotich/dojo_robotics_2025/install/talker:/home/victoria_rotich/dojo_robotics_2025/install/my_robot_package:/home/victoria_rotich/dojo_robotics_2025/install/listener:/home/victoria_rotich/dojo_robotics_2025/src/install/my_robot_package:/opt/ros/humble /usr/bin/cmake /home/victoria_rotich/gamefield/gamefield -DAMENT_CMAKE_SYMLINK_INSTALL=1 -DCMAKE_INSTALL_PREFIX=/home/victoria_rotich/gamefield/install/gamefield
[61.954s] DEBUG:colcon.colcon_core.event_handler.log_command:Invoked command in '/home/victoria_rotich/gamefield/build/gamefield' returned '0': CMAKE_PREFIX_PATH=${CMAKE_PREFIX_PATH}:/home/victoria_rotich/dojo_robotics_2025/install/talker:/home/victoria_rotich/dojo_robotics_2025/install/my_robot_package:/home/victoria_rotich/dojo_robotics_2025/install/listener:/home/victoria_rotich/dojo_robotics_2025/src/install/my_robot_package:/opt/ros/humble /usr/bin/cmake /home/victoria_rotich/gamefield/gamefield -DAMENT_CMAKE_SYMLINK_INSTALL=1 -DCMAKE_INSTALL_PREFIX=/home/victoria_rotich/gamefield/install/gamefield
[61.956s] DEBUG:colcon.colcon_core.event_handler.log_command:Invoking command in '/home/victoria_rotich/gamefield/build/gamefield': CMAKE_PREFIX_PATH=${CMAKE_PREFIX_PATH}:/home/victoria_rotich/dojo_robotics_2025/install/talker:/home/victoria_rotich/dojo_robotics_2025/install/my_robot_package:/home/victoria_rotich/dojo_robotics_2025/install/listener:/home/victoria_rotich/dojo_robotics_2025/src/install/my_robot_package:/opt/ros/humble /usr/bin/cmake --build /home/victoria_rotich/gamefield/build/gamefield -- -j8 -l8
[62.045s] DEBUG:colcon.colcon_core.event_handler.log_command:Invoked command in '/home/victoria_rotich/gamefield/build/gamefield' returned '0': CMAKE_PREFIX_PATH=${CMAKE_PREFIX_PATH}:/home/victoria_rotich/dojo_robotics_2025/install/talker:/home/victoria_rotich/dojo_robotics_2025/install/my_robot_package:/home/victoria_rotich/dojo_robotics_2025/install/listener:/home/victoria_rotich/dojo_robotics_2025/src/install/my_robot_package:/opt/ros/humble /usr/bin/cmake --build /home/victoria_rotich/gamefield/build/gamefield -- -j8 -l8
[62.068s] DEBUG:colcon.colcon_core.event_handler.log_command:Invoking command in '/home/victoria_rotich/gamefield/build/gamefield': CMAKE_PREFIX_PATH=${CMAKE_PREFIX_PATH}:/home/victoria_rotich/dojo_robotics_2025/install/talker:/home/victoria_rotich/dojo_robotics_2025/install/my_robot_package:/home/victoria_rotich/dojo_robotics_2025/install/listener:/home/victoria_rotich/dojo_robotics_2025/src/install/my_robot_package:/opt/ros/humble /usr/bin/cmake --install /home/victoria_rotich/gamefield/build/gamefield
[62.465s] Level 1:colcon.colcon_core.environment:create_environment_scripts_only(gamefield)
[62.468s] DEBUG:colcon.colcon_core.event_handler.log_command:Invoked command in '/home/victoria_rotich/gamefield/build/gamefield' returned '0': CMAKE_PREFIX_PATH=${CMAKE_PREFIX_PATH}:/home/victoria_rotich/dojo_robotics_2025/install/talker:/home/victoria_rotich/dojo_robotics_2025/install/my_robot_package:/home/victoria_rotich/dojo_robotics_2025/install/listener:/home/victoria_rotich/dojo_robotics_2025/src/install/my_robot_package:/opt/ros/humble /usr/bin/cmake --install /home/victoria_rotich/gamefield/build/gamefield
[62.473s] Level 1:colcon.colcon_core.environment:checking '/home/victoria_rotich/gamefield/install/gamefield' for CMake module files
[62.474s] Level 1:colcon.colcon_core.environment:checking '/home/victoria_rotich/gamefield/install/gamefield' for CMake config files
[62.475s] Level 1:colcon.colcon_core.shell:create_environment_hook('gamefield', 'cmake_prefix_path')
[62.476s] INFO:colcon.colcon_core.shell:Creating environment hook '/home/victoria_rotich/gamefield/install/gamefield/share/gamefield/hook/cmake_prefix_path.ps1'
[62.478s] INFO:colcon.colcon_core.shell:Creating environment descriptor '/home/victoria_rotich/gamefield/install/gamefield/share/gamefield/hook/cmake_prefix_path.dsv'
[62.480s] INFO:colcon.colcon_core.shell:Creating environment hook '/home/victoria_rotich/gamefield/install/gamefield/share/gamefield/hook/cmake_prefix_path.sh'
[62.484s] Level 1:colcon.colcon_core.environment:checking '/home/victoria_rotich/gamefield/install/gamefield/bin'
[62.485s] Level 1:colcon.colcon_core.environment:checking '/home/victoria_rotich/gamefield/install/gamefield/lib/pkgconfig/gamefield.pc'
[62.485s] Level 1:colcon.colcon_core.environment:checking '/home/victoria_rotich/gamefield/install/gamefield/lib/python3.10/site-packages'
[62.486s] Level 1:colcon.colcon_core.environment:checking '/home/victoria_rotich/gamefield/install/gamefield/bin'
[62.487s] INFO:colcon.colcon_core.shell:Creating package script '/home/victoria_rotich/gamefield/install/gamefield/share/gamefield/package.ps1'
[62.489s] INFO:colcon.colcon_core.shell:Creating package descriptor '/home/victoria_rotich/gamefield/install/gamefield/share/gamefield/package.dsv'
[62.491s] INFO:colcon.colcon_core.shell:Creating package script '/home/victoria_rotich/gamefield/install/gamefield/share/gamefield/package.sh'
[62.493s] INFO:colcon.colcon_core.shell:Creating package script '/home/victoria_rotich/gamefield/install/gamefield/share/gamefield/package.bash'
[62.495s] INFO:colcon.colcon_core.shell:Creating package script '/home/victoria_rotich/gamefield/install/gamefield/share/gamefield/package.zsh'
[62.497s] Level 1:colcon.colcon_core.environment:create_file_with_runtime_dependencies(/home/victoria_rotich/gamefield/install/gamefield/share/colcon-core/packages/gamefield)
[62.501s] Level 1:colcon.colcon_core.environment:create_environment_scripts_only(gamefield)
[62.501s] Level 1:colcon.colcon_core.environment:checking '/home/victoria_rotich/gamefield/install/gamefield' for CMake module files
[62.504s] Level 1:colcon.colcon_core.environment:checking '/home/victoria_rotich/gamefield/install/gamefield' for CMake config files
[62.504s] Level 1:colcon.colcon_core.shell:create_environment_hook('gamefield', 'cmake_prefix_path')
[62.505s] INFO:colcon.colcon_core.shell:Creating environment hook '/home/victoria_rotich/gamefield/install/gamefield/share/gamefield/hook/cmake_prefix_path.ps1'
[62.506s] INFO:colcon.colcon_core.shell:Creating environment descriptor '/home/victoria_rotich/gamefield/install/gamefield/share/gamefield/hook/cmake_prefix_path.dsv'
[62.507s] INFO:colcon.colcon_core.shell:Creating environment hook '/home/victoria_rotich/gamefield/install/gamefield/share/gamefield/hook/cmake_prefix_path.sh'
[62.509s] Level 1:colcon.colcon_core.environment:checking '/home/victoria_rotich/gamefield/install/gamefield/bin'
[62.509s] Level 1:colcon.colcon_core.environment:checking '/home/victoria_rotich/gamefield/install/gamefield/lib/pkgconfig/gamefield.pc'
[62.510s] Level 1:colcon.colcon_core.environment:checking '/home/victoria_rotich/gamefield/install/gamefield/lib/python3.10/site-packages'
[62.510s] Level 1:colcon.colcon_core.environment:checking '/home/victoria_rotich/gamefield/install/gamefield/bin'
[62.511s] INFO:colcon.colcon_core.shell:Creating package script '/home/victoria_rotich/gamefield/install/gamefield/share/gamefield/package.ps1'
[62.513s] INFO:colcon.colcon_core.shell:Creating package descriptor '/home/victoria_rotich/gamefield/install/gamefield/share/gamefield/package.dsv'
[62.515s] INFO:colcon.colcon_core.shell:Creating package script '/home/victoria_rotich/gamefield/install/gamefield/share/gamefield/package.sh'
[62.517s] INFO:colcon.colcon_core.shell:Creating package script '/home/victoria_rotich/gamefield/install/gamefield/share/gamefield/package.bash'
[62.518s] INFO:colcon.colcon_core.shell:Creating package script '/home/victoria_rotich/gamefield/install/gamefield/share/gamefield/package.zsh'
[62.519s] Level 1:colcon.colcon_core.environment:create_file_with_runtime_dependencies(/home/victoria_rotich/gamefield/install/gamefield/share/colcon-core/packages/gamefield)
[62.520s] DEBUG:colcon.colcon_parallel_executor.executor.parallel:closing loop
[62.521s] DEBUG:colcon.colcon_parallel_executor.executor.parallel:loop closed
[62.521s] DEBUG:colcon.colcon_parallel_executor.executor.parallel:run_until_complete finished with '0'
[62.521s] DEBUG:colcon.colcon_core.event_reactor:joining thread
[62.636s] INFO:colcon.colcon_core.plugin_system:Skipping extension 'colcon_notification.desktop_notification.notify_send': Could not find 'notify-send'
[62.636s] INFO:colcon.colcon_core.plugin_system:Skipping extension 'colcon_notification.desktop_notification.terminal_notifier': Not used on non-Darwin systems
[62.637s] INFO:colcon.colcon_core.plugin_system:Skipping extension 'colcon_notification.desktop_notification.win32': Not used on non-Windows systems
[62.637s] INFO:colcon.colcon_notification.desktop_notification:Sending desktop notification using 'notify2'
[62.637s] DEBUG:colcon.colcon_notification.desktop_notification.notify2:Failed to initialize notify2: org.freedesktop.DBus.Error.FileNotFound: Failed to connect to socket /run/user/1000/bus: No such file or directory
[62.637s] DEBUG:colcon.colcon_core.event_reactor:joined thread
[62.638s] INFO:colcon.colcon_core.shell:Creating prefix script '/home/victoria_rotich/gamefield/install/local_setup.ps1'
[62.641s] INFO:colcon.colcon_core.shell:Creating prefix util module '/home/victoria_rotich/gamefield/install/_local_setup_util_ps1.py'
[62.646s] INFO:colcon.colcon_core.shell:Creating prefix chain script '/home/victoria_rotich/gamefield/install/setup.ps1'
[62.649s] INFO:colcon.colcon_core.shell:Creating prefix script '/home/victoria_rotich/gamefield/install/local_setup.sh'
[62.651s] INFO:colcon.colcon_core.shell:Creating prefix util module '/home/victoria_rotich/gamefield/install/_local_setup_util_sh.py'
[62.653s] INFO:colcon.colcon_core.shell:Creating prefix chain script '/home/victoria_rotich/gamefield/install/setup.sh'
[62.658s] INFO:colcon.colcon_core.shell:Creating prefix script '/home/victoria_rotich/gamefield/install/local_setup.bash'
[62.659s] INFO:colcon.colcon_core.shell:Creating prefix chain script '/home/victoria_rotich/gamefield/install/setup.bash'
[62.663s] INFO:colcon.colcon_core.shell:Creating prefix script '/home/victoria_rotich/gamefield/install/local_setup.zsh'
[62.666s] INFO:colcon.colcon_core.shell:Creating prefix chain script '/home/victoria_rotich/gamefield/install/setup.zsh'
