[0.031s] Invoking command in '/home/victoria_rotich/gamefield/build/gamefield': CMAKE_PREFIX_PATH=${CMAKE_PREFIX_PATH}:/home/victoria_rotich/dojo_robotics_2025/install/talker:/home/victoria_rotich/dojo_robotics_2025/install/my_robot_package:/home/victoria_rotich/dojo_robotics_2025/install/listener:/home/victoria_rotich/dojo_robotics_2025/src/install/my_robot_package:/opt/ros/humble /usr/bin/cmake /home/victoria_rotich/gamefield/gamefield -DAMENT_CMAKE_SYMLINK_INSTALL=1 -DCMAKE_INSTALL_PREFIX=/home/victoria_rotich/gamefield/install/gamefield
[5.273s] -- The C compiler identification is GNU 11.4.0
[11.255s] -- The CXX compiler identification is GNU 11.4.0
[13.465s] -- Detecting C compiler ABI info
[14.285s] -- Detecting C compiler ABI info - done
[14.369s] -- Check for working C compiler: /usr/bin/cc - skipped
[14.757s] -- Detecting C compile features
[14.841s] -- Detecting C compile features - done
[14.859s] -- Detecting CXX compiler ABI info
[15.632s] -- Detecting CXX compiler ABI info - done
[15.670s] -- Check for working CXX compiler: /usr/bin/c++ - skipped
[15.672s] -- Detecting CXX compile features
[15.674s] -- Detecting CXX compile features - done
[18.282s] -- Found ament_cmake: 1.3.11 (/opt/ros/humble/share/ament_cmake/cmake)
[19.513s] -- Found Python3: /usr/bin/python3 (found version "3.10.12") found components: Interpreter 
[19.704s] -- Override CMake install command with custom implementation using symlinks instead of copying resources
[20.087s] -- Found rclcpp: 16.0.12 (/opt/ros/humble/share/rclcpp/cmake)
[21.517s] -- Found rosidl_generator_c: 3.1.6 (/opt/ros/humble/share/rosidl_generator_c/cmake)
[21.554s] -- Found rosidl_adapter: 3.1.6 (/opt/ros/humble/share/rosidl_adapter/cmake)
[21.595s] -- Found rosidl_generator_cpp: 3.1.6 (/opt/ros/humble/share/rosidl_generator_cpp/cmake)
[21.730s] -- Using all available rosidl_typesupport_c: rosidl_typesupport_fastrtps_c;rosidl_typesupport_introspection_c
[21.812s] -- Using all available rosidl_typesupport_cpp: rosidl_typesupport_fastrtps_cpp;rosidl_typesupport_introspection_cpp
[22.038s] -- Found rmw_implementation_cmake: 6.1.2 (/opt/ros/humble/share/rmw_implementation_cmake/cmake)
[22.096s] -- Found rmw_fastrtps_cpp: 6.2.7 (/opt/ros/humble/share/rmw_fastrtps_cpp/cmake)
[30.562s] -- Found OpenSSL: /usr/lib/x86_64-linux-gnu/libcrypto.so (found version "3.0.2")  
[38.605s] -- Found FastRTPS: /opt/ros/humble/include  
[49.311s] -- Using RMW implementation 'rmw_fastrtps_cpp' as default
[49.819s] -- Looking for pthread.h
[50.644s] -- Looking for pthread.h - found
[50.645s] -- Performing Test CMAKE_HAVE_LIBC_PTHREAD
[51.253s] -- Performing Test CMAKE_HAVE_LIBC_PTHREAD - Success
[51.261s] -- Found Threads: TRUE  
[53.843s] -- Found ament_lint_auto: 0.12.12 (/opt/ros/humble/share/ament_lint_auto/cmake)
[54.611s] -- Added test 'flake8' to check Python code syntax and style conventions
[54.616s] -- Added test 'lint_cmake' to check CMake code style
[54.623s] -- Added test 'pep257' to check Python code against some of the docstring style conventions in PEP 257
[54.631s] -- Added test 'xmllint' to check XML markup files
[54.668s] -- Configuring done
[54.688s] -- Generating done
[54.701s] -- Build files have been written to: /home/victoria_rotich/gamefield/build/gamefield
[54.743s] Invoked command in '/home/victoria_rotich/gamefield/build/gamefield' returned '0': CMAKE_PREFIX_PATH=${CMAKE_PREFIX_PATH}:/home/victoria_rotich/dojo_robotics_2025/install/talker:/home/victoria_rotich/dojo_robotics_2025/install/my_robot_package:/home/victoria_rotich/dojo_robotics_2025/install/listener:/home/victoria_rotich/dojo_robotics_2025/src/install/my_robot_package:/opt/ros/humble /usr/bin/cmake /home/victoria_rotich/gamefield/gamefield -DAMENT_CMAKE_SYMLINK_INSTALL=1 -DCMAKE_INSTALL_PREFIX=/home/victoria_rotich/gamefield/install/gamefield
[54.745s] Invoking command in '/home/victoria_rotich/gamefield/build/gamefield': CMAKE_PREFIX_PATH=${CMAKE_PREFIX_PATH}:/home/victoria_rotich/dojo_robotics_2025/install/talker:/home/victoria_rotich/dojo_robotics_2025/install/my_robot_package:/home/victoria_rotich/dojo_robotics_2025/install/listener:/home/victoria_rotich/dojo_robotics_2025/src/install/my_robot_package:/opt/ros/humble /usr/bin/cmake --build /home/victoria_rotich/gamefield/build/gamefield -- -j8 -l8
[54.834s] Invoked command in '/home/victoria_rotich/gamefield/build/gamefield' returned '0': CMAKE_PREFIX_PATH=${CMAKE_PREFIX_PATH}:/home/victoria_rotich/dojo_robotics_2025/install/talker:/home/victoria_rotich/dojo_robotics_2025/install/my_robot_package:/home/victoria_rotich/dojo_robotics_2025/install/listener:/home/victoria_rotich/dojo_robotics_2025/src/install/my_robot_package:/opt/ros/humble /usr/bin/cmake --build /home/victoria_rotich/gamefield/build/gamefield -- -j8 -l8
[54.857s] Invoking command in '/home/victoria_rotich/gamefield/build/gamefield': CMAKE_PREFIX_PATH=${CMAKE_PREFIX_PATH}:/home/victoria_rotich/dojo_robotics_2025/install/talker:/home/victoria_rotich/dojo_robotics_2025/install/my_robot_package:/home/victoria_rotich/dojo_robotics_2025/install/listener:/home/victoria_rotich/dojo_robotics_2025/src/install/my_robot_package:/opt/ros/humble /usr/bin/cmake --install /home/victoria_rotich/gamefield/build/gamefield
[54.876s] -- Install configuration: ""
[54.877s] -- Execute custom install script
[54.880s] -- Symlinking: /home/victoria_rotich/gamefield/install/gamefield/share/ament_index/resource_index/package_run_dependencies/gamefield
[54.901s] -- Symlinking: /home/victoria_rotich/gamefield/install/gamefield/share/ament_index/resource_index/parent_prefix_path/gamefield
[54.926s] -- Symlinking: /home/victoria_rotich/gamefield/install/gamefield/share/gamefield/environment/ament_prefix_path.sh
[54.949s] -- Symlinking: /home/victoria_rotich/gamefield/install/gamefield/share/gamefield/environment/ament_prefix_path.dsv
[54.970s] -- Symlinking: /home/victoria_rotich/gamefield/install/gamefield/share/gamefield/environment/path.sh
[54.992s] -- Symlinking: /home/victoria_rotich/gamefield/install/gamefield/share/gamefield/environment/path.dsv
[55.016s] -- Symlinking: /home/victoria_rotich/gamefield/install/gamefield/share/gamefield/local_setup.bash
[55.036s] -- Symlinking: /home/victoria_rotich/gamefield/install/gamefield/share/gamefield/local_setup.sh
[55.057s] -- Symlinking: /home/victoria_rotich/gamefield/install/gamefield/share/gamefield/local_setup.zsh
[55.077s] -- Symlinking: /home/victoria_rotich/gamefield/install/gamefield/share/gamefield/local_setup.dsv
[55.098s] -- Symlinking: /home/victoria_rotich/gamefield/install/gamefield/share/gamefield/package.dsv
[55.121s] -- Symlinking: /home/victoria_rotich/gamefield/install/gamefield/share/ament_index/resource_index/packages/gamefield
[55.142s] -- Symlinking: /home/victoria_rotich/gamefield/install/gamefield/share/gamefield/cmake/gamefieldConfig.cmake
[55.165s] -- Symlinking: /home/victoria_rotich/gamefield/install/gamefield/share/gamefield/cmake/gamefieldConfig-version.cmake
[55.187s] -- Symlinking: /home/victoria_rotich/gamefield/install/gamefield/share/gamefield/package.xml
[55.210s] -- Symlinking: /home/victoria_rotich/gamefield/install/gamefield/share/gamefield/urdf/gamefield.urdf
[55.231s] -- Symlinking: /home/victoria_rotich/gamefield/install/gamefield/share/gamefield/launch/view_gamefield.launch.py
[55.258s] Invoked command in '/home/victoria_rotich/gamefield/build/gamefield' returned '0': CMAKE_PREFIX_PATH=${CMAKE_PREFIX_PATH}:/home/victoria_rotich/dojo_robotics_2025/install/talker:/home/victoria_rotich/dojo_robotics_2025/install/my_robot_package:/home/victoria_rotich/dojo_robotics_2025/install/listener:/home/victoria_rotich/dojo_robotics_2025/src/install/my_robot_package:/opt/ros/humble /usr/bin/cmake --install /home/victoria_rotich/gamefield/build/gamefield
