[5.387s] DEBUG:colcon:Command line arguments: ['/usr/bin/colcon', 'build', '--symlink-install']
[5.387s] DEBUG:colcon:Parsed command line arguments: Namespace(log_base=None, log_level=None, verb_name='build', build_base='build', install_base='install', merge_install=False, symlink_install=True, test_result_base=None, continue_on_error=False, executor='parallel', parallel_workers=8, event_handlers=None, ignore_user_meta=False, metas=['./colcon.meta'], base_paths=['.'], packages_ignore=None, packages_ignore_regex=None, paths=None, packages_up_to=None, packages_up_to_regex=None, packages_above=None, packages_above_and_dependencies=None, packages_above_depth=None, packages_select_by_dep=None, packages_skip_by_dep=None, packages_skip_up_to=None, packages_select_build_failed=False, packages_skip_build_finished=False, packages_select_test_failures=False, packages_skip_test_passed=False, packages_select=None, packages_skip=None, packages_select_regex=None, packages_skip_regex=None, packages_start=None, packages_end=None, allow_overriding=[], cmake_args=None, cmake_target=None, cmake_target_skip_unavailable=False, cmake_clean_cache=False, cmake_clean_first=False, cmake_force_configure=False, ament_cmake_args=None, catkin_cmake_args=None, catkin_skip_building_tests=False, mixin_files=None, mixin=None, verb_parser=<colcon_mixin.mixin.mixin_argument.MixinArgumentDecorator object at 0x7b4108043c40>, verb_extension=<colcon_core.verb.build.BuildVerb object at 0x7b41080436d0>, main=<bound method BuildVerb.main of <colcon_core.verb.build.BuildVerb object at 0x7b41080436d0>>, mixin_verb=('build',))
[15.965s] Level 1:colcon.colcon_core.package_discovery:discover_packages(colcon_meta) check parameters
[15.966s] Level 1:colcon.colcon_core.package_discovery:discover_packages(recursive) check parameters
[15.967s] Level 1:colcon.colcon_core.package_discovery:discover_packages(ignore) check parameters
[15.967s] Level 1:colcon.colcon_core.package_discovery:discover_packages(path) check parameters
[15.967s] Level 1:colcon.colcon_core.package_discovery:discover_packages(colcon_meta) discover
[15.967s] Level 1:colcon.colcon_core.package_discovery:discover_packages(recursive) discover
[15.967s] INFO:colcon.colcon_core.package_discovery:Crawling recursively for packages in '/home/victoria_rotich/gamefield'
[15.993s] Level 1:colcon.colcon_core.package_identification:_identify(.) by extensions ['ignore', 'ignore_ament_install']
[15.994s] Level 1:colcon.colcon_core.package_identification:_identify(.) by extension 'ignore'
[15.994s] Level 1:colcon.colcon_core.package_identification:_identify(.) by extension 'ignore_ament_install'
[15.995s] Level 1:colcon.colcon_core.package_identification:_identify(.) by extensions ['colcon_pkg']
[15.995s] Level 1:colcon.colcon_core.package_identification:_identify(.) by extension 'colcon_pkg'
[15.995s] Level 1:colcon.colcon_core.package_identification:_identify(.) by extensions ['colcon_meta']
[15.996s] Level 1:colcon.colcon_core.package_identification:_identify(.) by extension 'colcon_meta'
[15.996s] Level 1:colcon.colcon_core.package_identification:_identify(.) by extensions ['ros']
[15.996s] Level 1:colcon.colcon_core.package_identification:_identify(.) by extension 'ros'
[16.161s] Level 1:colcon.colcon_core.package_identification:_identify(.) by extensions ['cmake', 'python']
[16.161s] Level 1:colcon.colcon_core.package_identification:_identify(.) by extension 'cmake'
[16.161s] Level 1:colcon.colcon_core.package_identification:_identify(.) by extension 'python'
[16.162s] Level 1:colcon.colcon_core.package_identification:_identify(.) by extensions ['python_setup_py']
[16.162s] Level 1:colcon.colcon_core.package_identification:_identify(.) by extension 'python_setup_py'
[16.185s] Level 1:colcon.colcon_core.package_identification:_identify(build) by extensions ['ignore', 'ignore_ament_install']
[16.185s] Level 1:colcon.colcon_core.package_identification:_identify(build) by extension 'ignore'
[16.186s] Level 1:colcon.colcon_core.package_identification:_identify(build) ignored
[16.194s] Level 1:colcon.colcon_core.package_identification:_identify(gamefield) by extensions ['ignore', 'ignore_ament_install']
[16.195s] Level 1:colcon.colcon_core.package_identification:_identify(gamefield) by extension 'ignore'
[16.195s] Level 1:colcon.colcon_core.package_identification:_identify(gamefield) by extension 'ignore_ament_install'
[16.196s] Level 1:colcon.colcon_core.package_identification:_identify(gamefield) by extensions ['colcon_pkg']
[16.196s] Level 1:colcon.colcon_core.package_identification:_identify(gamefield) by extension 'colcon_pkg'
[16.196s] Level 1:colcon.colcon_core.package_identification:_identify(gamefield) by extensions ['colcon_meta']
[16.197s] Level 1:colcon.colcon_core.package_identification:_identify(gamefield) by extension 'colcon_meta'
[16.197s] Level 1:colcon.colcon_core.package_identification:_identify(gamefield) by extensions ['ros']
[16.197s] Level 1:colcon.colcon_core.package_identification:_identify(gamefield) by extension 'ros'
[16.239s] DEBUG:colcon.colcon_core.package_identification:Package 'gamefield' with type 'ros.ament_cmake' and name 'gamefield'
[16.261s] Level 1:colcon.colcon_core.package_identification:_identify(install) by extensions ['ignore', 'ignore_ament_install']
[16.262s] Level 1:colcon.colcon_core.package_identification:_identify(install) by extension 'ignore'
[16.263s] Level 1:colcon.colcon_core.package_identification:_identify(install) ignored
[16.263s] Level 1:colcon.colcon_core.package_identification:_identify(log) by extensions ['ignore', 'ignore_ament_install']
[16.264s] Level 1:colcon.colcon_core.package_identification:_identify(log) by extension 'ignore'
[16.265s] Level 1:colcon.colcon_core.package_identification:_identify(log) ignored
[16.265s] Level 1:colcon.colcon_core.package_discovery:discover_packages(recursive) using defaults
[16.265s] Level 1:colcon.colcon_core.package_discovery:discover_packages(ignore) discover
[16.266s] Level 1:colcon.colcon_core.package_discovery:discover_packages(ignore) using defaults
[16.266s] Level 1:colcon.colcon_core.package_discovery:discover_packages(path) discover
[16.266s] Level 1:colcon.colcon_core.package_discovery:discover_packages(path) using defaults
[16.673s] Level 1:colcon.colcon_core.package_discovery:discover_packages(prefix_path) check parameters
[16.674s] Level 1:colcon.colcon_core.package_discovery:discover_packages(prefix_path) discover
[16.983s] DEBUG:colcon.colcon_installed_package_information.package_discovery:Found 1 installed packages in /home/victoria_rotich/gamefield/install
[17.004s] DEBUG:colcon.colcon_installed_package_information.package_discovery:Found 5 installed packages in /home/victoria_rotich/dojo_robotics_2025/install
[17.032s] DEBUG:colcon.colcon_installed_package_information.package_discovery:Found 1 installed packages in /home/victoria_rotich/ros2_ws/install
[17.037s] DEBUG:colcon.colcon_installed_package_information.package_discovery:Found 1 installed packages in /home/victoria_rotich/dojo_robotics_2025/src/install
[17.078s] DEBUG:colcon.colcon_installed_package_information.package_discovery:Found 374 installed packages in /opt/ros/humble
[17.090s] Level 1:colcon.colcon_core.package_discovery:discover_packages(prefix_path) using defaults
[20.691s] Level 5:colcon.colcon_core.verb:set package 'gamefield' build argument 'cmake_args' from command line to 'None'
[20.691s] Level 5:colcon.colcon_core.verb:set package 'gamefield' build argument 'cmake_target' from command line to 'None'
[20.691s] Level 5:colcon.colcon_core.verb:set package 'gamefield' build argument 'cmake_target_skip_unavailable' from command line to 'False'
[20.691s] Level 5:colcon.colcon_core.verb:set package 'gamefield' build argument 'cmake_clean_cache' from command line to 'False'
[20.691s] Level 5:colcon.colcon_core.verb:set package 'gamefield' build argument 'cmake_clean_first' from command line to 'False'
[20.691s] Level 5:colcon.colcon_core.verb:set package 'gamefield' build argument 'cmake_force_configure' from command line to 'False'
[20.691s] Level 5:colcon.colcon_core.verb:set package 'gamefield' build argument 'ament_cmake_args' from command line to 'None'
[20.691s] Level 5:colcon.colcon_core.verb:set package 'gamefield' build argument 'catkin_cmake_args' from command line to 'None'
[20.691s] Level 5:colcon.colcon_core.verb:set package 'gamefield' build argument 'catkin_skip_building_tests' from command line to 'False'
[20.691s] DEBUG:colcon.colcon_core.verb:Building package 'gamefield' with the following arguments: {'ament_cmake_args': None, 'build_base': '/home/victoria_rotich/gamefield/build/gamefield', 'catkin_cmake_args': None, 'catkin_skip_building_tests': False, 'cmake_args': None, 'cmake_clean_cache': False, 'cmake_clean_first': False, 'cmake_force_configure': False, 'cmake_target': None, 'cmake_target_skip_unavailable': False, 'install_base': '/home/victoria_rotich/gamefield/install/gamefield', 'merge_install': False, 'path': '/home/victoria_rotich/gamefield/gamefield', 'symlink_install': True, 'test_result_base': None}
[20.692s] INFO:colcon.colcon_core.executor:Executing jobs using 'parallel' executor
[20.694s] DEBUG:colcon.colcon_parallel_executor.executor.parallel:run_until_complete
[20.694s] INFO:colcon.colcon_ros.task.ament_cmake.build:Building ROS package in '/home/victoria_rotich/gamefield/gamefield' with build type 'ament_cmake'
[20.694s] INFO:colcon.colcon_cmake.task.cmake.build:Building CMake package in '/home/victoria_rotich/gamefield/gamefield'
[20.805s] INFO:colcon.colcon_core.plugin_system:Skipping extension 'colcon_core.shell.bat': Not used on non-Windows systems
[20.806s] INFO:colcon.colcon_core.shell:Skip shell extension 'powershell' for command environment: Not usable outside of PowerShell
[20.807s] DEBUG:colcon.colcon_core.shell:Skip shell extension 'dsv' for command environment
[23.866s] DEBUG:colcon.colcon_core.event_handler.log_command:Invoking command in '/home/victoria_rotich/gamefield/build/gamefield': CMAKE_PREFIX_PATH=${CMAKE_PREFIX_PATH}:/home/victoria_rotich/dojo_robotics_2025/install/talker:/home/victoria_rotich/dojo_robotics_2025/install/my_robot_package:/home/victoria_rotich/dojo_robotics_2025/install/listener:/home/victoria_rotich/dojo_robotics_2025/src/install/my_robot_package:/opt/ros/humble /usr/bin/cmake --build /home/victoria_rotich/gamefield/build/gamefield -- -j8 -l8
[25.714s] DEBUG:colcon.colcon_core.event_handler.log_command:Invoked command in '/home/victoria_rotich/gamefield/build/gamefield' returned '0': CMAKE_PREFIX_PATH=${CMAKE_PREFIX_PATH}:/home/victoria_rotich/dojo_robotics_2025/install/talker:/home/victoria_rotich/dojo_robotics_2025/install/my_robot_package:/home/victoria_rotich/dojo_robotics_2025/install/listener:/home/victoria_rotich/dojo_robotics_2025/src/install/my_robot_package:/opt/ros/humble /usr/bin/cmake --build /home/victoria_rotich/gamefield/build/gamefield -- -j8 -l8
[25.801s] DEBUG:colcon.colcon_core.event_handler.log_command:Invoking command in '/home/victoria_rotich/gamefield/build/gamefield': CMAKE_PREFIX_PATH=${CMAKE_PREFIX_PATH}:/home/victoria_rotich/dojo_robotics_2025/install/talker:/home/victoria_rotich/dojo_robotics_2025/install/my_robot_package:/home/victoria_rotich/dojo_robotics_2025/install/listener:/home/victoria_rotich/dojo_robotics_2025/src/install/my_robot_package:/opt/ros/humble /usr/bin/cmake --install /home/victoria_rotich/gamefield/build/gamefield
[26.361s] Level 1:colcon.colcon_core.environment:create_environment_scripts_only(gamefield)
[26.368s] DEBUG:colcon.colcon_core.event_handler.log_command:Invoked command in '/home/victoria_rotich/gamefield/build/gamefield' returned '0': CMAKE_PREFIX_PATH=${CMAKE_PREFIX_PATH}:/home/victoria_rotich/dojo_robotics_2025/install/talker:/home/victoria_rotich/dojo_robotics_2025/install/my_robot_package:/home/victoria_rotich/dojo_robotics_2025/install/listener:/home/victoria_rotich/dojo_robotics_2025/src/install/my_robot_package:/opt/ros/humble /usr/bin/cmake --install /home/victoria_rotich/gamefield/build/gamefield
[26.505s] Level 1:colcon.colcon_core.environment:checking '/home/victoria_rotich/gamefield/install/gamefield' for CMake module files
[26.523s] Level 1:colcon.colcon_core.environment:checking '/home/victoria_rotich/gamefield/install/gamefield' for CMake config files
[26.526s] Level 1:colcon.colcon_core.shell:create_environment_hook('gamefield', 'cmake_prefix_path')
[26.528s] INFO:colcon.colcon_core.shell:Creating environment hook '/home/victoria_rotich/gamefield/install/gamefield/share/gamefield/hook/cmake_prefix_path.ps1'
[26.548s] INFO:colcon.colcon_core.shell:Creating environment descriptor '/home/victoria_rotich/gamefield/install/gamefield/share/gamefield/hook/cmake_prefix_path.dsv'
[26.552s] INFO:colcon.colcon_core.shell:Creating environment hook '/home/victoria_rotich/gamefield/install/gamefield/share/gamefield/hook/cmake_prefix_path.sh'
[26.558s] Level 1:colcon.colcon_core.environment:checking '/home/victoria_rotich/gamefield/install/gamefield/bin'
[26.559s] Level 1:colcon.colcon_core.environment:checking '/home/victoria_rotich/gamefield/install/gamefield/lib/pkgconfig/gamefield.pc'
[26.560s] Level 1:colcon.colcon_core.environment:checking '/home/victoria_rotich/gamefield/install/gamefield/lib/python3.10/site-packages'
[26.561s] Level 1:colcon.colcon_core.environment:checking '/home/victoria_rotich/gamefield/install/gamefield/bin'
[26.563s] INFO:colcon.colcon_core.shell:Creating package script '/home/victoria_rotich/gamefield/install/gamefield/share/gamefield/package.ps1'
[26.569s] INFO:colcon.colcon_core.shell:Creating package descriptor '/home/victoria_rotich/gamefield/install/gamefield/share/gamefield/package.dsv'
[26.573s] INFO:colcon.colcon_core.shell:Creating package script '/home/victoria_rotich/gamefield/install/gamefield/share/gamefield/package.sh'
[26.580s] INFO:colcon.colcon_core.shell:Creating package script '/home/victoria_rotich/gamefield/install/gamefield/share/gamefield/package.bash'
[26.599s] INFO:colcon.colcon_core.shell:Creating package script '/home/victoria_rotich/gamefield/install/gamefield/share/gamefield/package.zsh'
[26.617s] Level 1:colcon.colcon_core.environment:create_file_with_runtime_dependencies(/home/victoria_rotich/gamefield/install/gamefield/share/colcon-core/packages/gamefield)
[26.621s] Level 1:colcon.colcon_core.environment:create_environment_scripts_only(gamefield)
[26.622s] Level 1:colcon.colcon_core.environment:checking '/home/victoria_rotich/gamefield/install/gamefield' for CMake module files
[26.624s] Level 1:colcon.colcon_core.environment:checking '/home/victoria_rotich/gamefield/install/gamefield' for CMake config files
[26.626s] Level 1:colcon.colcon_core.shell:create_environment_hook('gamefield', 'cmake_prefix_path')
[26.629s] INFO:colcon.colcon_core.shell:Creating environment hook '/home/victoria_rotich/gamefield/install/gamefield/share/gamefield/hook/cmake_prefix_path.ps1'
[26.632s] INFO:colcon.colcon_core.shell:Creating environment descriptor '/home/victoria_rotich/gamefield/install/gamefield/share/gamefield/hook/cmake_prefix_path.dsv'
[26.634s] INFO:colcon.colcon_core.shell:Creating environment hook '/home/victoria_rotich/gamefield/install/gamefield/share/gamefield/hook/cmake_prefix_path.sh'
[26.638s] Level 1:colcon.colcon_core.environment:checking '/home/victoria_rotich/gamefield/install/gamefield/bin'
[26.639s] Level 1:colcon.colcon_core.environment:checking '/home/victoria_rotich/gamefield/install/gamefield/lib/pkgconfig/gamefield.pc'
[26.640s] Level 1:colcon.colcon_core.environment:checking '/home/victoria_rotich/gamefield/install/gamefield/lib/python3.10/site-packages'
[26.642s] Level 1:colcon.colcon_core.environment:checking '/home/victoria_rotich/gamefield/install/gamefield/bin'
[26.645s] INFO:colcon.colcon_core.shell:Creating package script '/home/victoria_rotich/gamefield/install/gamefield/share/gamefield/package.ps1'
[26.648s] INFO:colcon.colcon_core.shell:Creating package descriptor '/home/victoria_rotich/gamefield/install/gamefield/share/gamefield/package.dsv'
[26.651s] INFO:colcon.colcon_core.shell:Creating package script '/home/victoria_rotich/gamefield/install/gamefield/share/gamefield/package.sh'
[26.653s] INFO:colcon.colcon_core.shell:Creating package script '/home/victoria_rotich/gamefield/install/gamefield/share/gamefield/package.bash'
[26.656s] INFO:colcon.colcon_core.shell:Creating package script '/home/victoria_rotich/gamefield/install/gamefield/share/gamefield/package.zsh'
[26.660s] Level 1:colcon.colcon_core.environment:create_file_with_runtime_dependencies(/home/victoria_rotich/gamefield/install/gamefield/share/colcon-core/packages/gamefield)
[26.661s] DEBUG:colcon.colcon_parallel_executor.executor.parallel:closing loop
[26.663s] DEBUG:colcon.colcon_parallel_executor.executor.parallel:loop closed
[26.664s] DEBUG:colcon.colcon_parallel_executor.executor.parallel:run_until_complete finished with '0'
[26.664s] DEBUG:colcon.colcon_core.event_reactor:joining thread
[26.922s] INFO:colcon.colcon_core.plugin_system:Skipping extension 'colcon_notification.desktop_notification.notify_send': Could not find 'notify-send'
[26.922s] INFO:colcon.colcon_core.plugin_system:Skipping extension 'colcon_notification.desktop_notification.terminal_notifier': Not used on non-Darwin systems
[26.923s] INFO:colcon.colcon_core.plugin_system:Skipping extension 'colcon_notification.desktop_notification.win32': Not used on non-Windows systems
[26.923s] INFO:colcon.colcon_notification.desktop_notification:Sending desktop notification using 'notify2'
[26.924s] DEBUG:colcon.colcon_notification.desktop_notification.notify2:Failed to initialize notify2: org.freedesktop.DBus.Error.FileNotFound: Failed to connect to socket /run/user/1000/bus: No such file or directory
[26.925s] DEBUG:colcon.colcon_core.event_reactor:joined thread
[26.926s] INFO:colcon.colcon_core.shell:Creating prefix script '/home/victoria_rotich/gamefield/install/local_setup.ps1'
[26.932s] INFO:colcon.colcon_core.shell:Creating prefix util module '/home/victoria_rotich/gamefield/install/_local_setup_util_ps1.py'
[26.940s] INFO:colcon.colcon_core.shell:Creating prefix chain script '/home/victoria_rotich/gamefield/install/setup.ps1'
[26.948s] INFO:colcon.colcon_core.shell:Creating prefix script '/home/victoria_rotich/gamefield/install/local_setup.sh'
[26.953s] INFO:colcon.colcon_core.shell:Creating prefix util module '/home/victoria_rotich/gamefield/install/_local_setup_util_sh.py'
[26.970s] INFO:colcon.colcon_core.shell:Creating prefix chain script '/home/victoria_rotich/gamefield/install/setup.sh'
[26.982s] INFO:colcon.colcon_core.shell:Creating prefix script '/home/victoria_rotich/gamefield/install/local_setup.bash'
[26.987s] INFO:colcon.colcon_core.shell:Creating prefix chain script '/home/victoria_rotich/gamefield/install/setup.bash'
[26.997s] INFO:colcon.colcon_core.shell:Creating prefix script '/home/victoria_rotich/gamefield/install/local_setup.zsh'
[27.004s] INFO:colcon.colcon_core.shell:Creating prefix chain script '/home/victoria_rotich/gamefield/install/setup.zsh'
