-- Install configuration: ""
-- Execute custom install script
-- Up-to-date symlink: /home/victoria_rotich/gamefield/install/gamefield/share/ament_index/resource_index/package_run_dependencies/gamefield
-- Up-to-date symlink: /home/victoria_rotich/gamefield/install/gamefield/share/ament_index/resource_index/parent_prefix_path/gamefield
-- Up-to-date symlink: /home/victoria_rotich/gamefield/install/gamefield/share/gamefield/environment/ament_prefix_path.sh
-- Up-to-date symlink: /home/victoria_rotich/gamefield/install/gamefield/share/gamefield/environment/ament_prefix_path.dsv
-- Up-to-date symlink: /home/victoria_rotich/gamefield/install/gamefield/share/gamefield/environment/path.sh
-- Up-to-date symlink: /home/victoria_rotich/gamefield/install/gamefield/share/gamefield/environment/path.dsv
-- Up-to-date symlink: /home/victoria_rotich/gamefield/install/gamefield/share/gamefield/local_setup.bash
-- Up-to-date symlink: /home/victoria_rotich/gamefield/install/gamefield/share/gamefield/local_setup.sh
-- Up-to-date symlink: /home/victoria_rotich/gamefield/install/gamefield/share/gamefield/local_setup.zsh
-- Up-to-date symlink: /home/victoria_rotich/gamefield/install/gamefield/share/gamefield/local_setup.dsv
-- Symlinking: /home/victoria_rotich/gamefield/install/gamefield/share/gamefield/package.dsv
-- Up-to-date symlink: /home/victoria_rotich/gamefield/install/gamefield/share/ament_index/resource_index/packages/gamefield
-- Up-to-date symlink: /home/victoria_rotich/gamefield/install/gamefield/share/gamefield/cmake/gamefieldConfig.cmake
-- Up-to-date symlink: /home/victoria_rotich/gamefield/install/gamefield/share/gamefield/cmake/gamefieldConfig-version.cmake
-- Up-to-date symlink: /home/victoria_rotich/gamefield/install/gamefield/share/gamefield/package.xml
-- Up-to-date symlink: /home/victoria_rotich/gamefield/install/gamefield/share/gamefield/urdf/gamefield.urdf
-- Symlinking: /home/victoria_rotich/gamefield/install/gamefield/share/gamefield/launch/launch_ign.launch.py
-- Up-to-date symlink: /home/victoria_rotich/gamefield/install/gamefield/share/gamefield/launch/view_gamefield.launch.py
