-- Found ament_cmake: 1.3.11 (/opt/ros/humble/share/ament_cmake/cmake)
-- Override CMake install command with custom implementation using symlinks instead of copying resources
-- Found rclcpp: 16.0.12 (/opt/ros/humble/share/rclcpp/cmake)
-- Found rosidl_generator_c: 3.1.6 (/opt/ros/humble/share/rosidl_generator_c/cmake)
-- Found rosidl_adapter: 3.1.6 (/opt/ros/humble/share/rosidl_adapter/cmake)
-- Found rosidl_generator_cpp: 3.1.6 (/opt/ros/humble/share/rosidl_generator_cpp/cmake)
-- Using all available rosidl_typesupport_c: rosidl_typesupport_fastrtps_c;rosidl_typesupport_introspection_c
-- Using all available rosidl_typesupport_cpp: rosidl_typesupport_fastrtps_cpp;rosidl_typesupport_introspection_cpp
-- Found rmw_implementation_cmake: 6.1.2 (/opt/ros/humble/share/rmw_implementation_cmake/cmake)
-- Found rmw_fastrtps_cpp: 6.2.7 (/opt/ros/humble/share/rmw_fastrtps_cpp/cmake)
-- Using RMW implementation 'rmw_fastrtps_cpp' as default
-- Found ament_lint_auto: 0.12.12 (/opt/ros/humble/share/ament_lint_auto/cmake)
-- Added test 'flake8' to check Python code syntax and style conventions
-- Added test 'lint_cmake' to check CMake code style
-- Added test 'pep257' to check Python code against some of the docstring style conventions in PEP 257
-- Added test 'xmllint' to check XML markup files
-- Configuring done
-- Generating done
-- Build files have been written to: /home/victoria_rotich/gamefield/build/gamefield
-- Install configuration: ""
-- Execute custom install script
-- Up-to-date symlink: /home/victoria_rotich/gamefield/install/gamefield/share/ament_index/resource_index/package_run_dependencies/gamefield
-- Up-to-date symlink: /home/victoria_rotich/gamefield/install/gamefield/share/ament_index/resource_index/parent_prefix_path/gamefield
-- Up-to-date symlink: /home/victoria_rotich/gamefield/install/gamefield/share/gamefield/environment/ament_prefix_path.sh
-- Up-to-date symlink: /home/victoria_rotich/gamefield/install/gamefield/share/gamefield/environment/ament_prefix_path.dsv
-- Up-to-date symlink: /home/victoria_rotich/gamefield/install/gamefield/share/gamefield/environment/path.sh
-- Up-to-date symlink: /home/victoria_rotich/gamefield/install/gamefield/share/gamefield/environment/path.dsv
-- Up-to-date symlink: /home/victoria_rotich/gamefield/install/gamefield/share/gamefield/local_setup.bash
-- Up-to-date symlink: /home/victoria_rotich/gamefield/install/gamefield/share/gamefield/local_setup.sh
-- Up-to-date symlink: /home/victoria_rotich/gamefield/install/gamefield/share/gamefield/local_setup.zsh
-- Up-to-date symlink: /home/victoria_rotich/gamefield/install/gamefield/share/gamefield/local_setup.dsv
-- Symlinking: /home/victoria_rotich/gamefield/install/gamefield/share/gamefield/package.dsv
-- Up-to-date symlink: /home/victoria_rotich/gamefield/install/gamefield/share/ament_index/resource_index/packages/gamefield
-- Up-to-date symlink: /home/victoria_rotich/gamefield/install/gamefield/share/gamefield/cmake/gamefieldConfig.cmake
-- Up-to-date symlink: /home/victoria_rotich/gamefield/install/gamefield/share/gamefield/cmake/gamefieldConfig-version.cmake
-- Up-to-date symlink: /home/victoria_rotich/gamefield/install/gamefield/share/gamefield/package.xml
-- Up-to-date symlink: /home/victoria_rotich/gamefield/install/gamefield/share/gamefield/urdf/gamefield.urdf
-- Up-to-date symlink: /home/victoria_rotich/gamefield/install/gamefield/share/gamefield/launch/launch_ign.launch.py
-- Up-to-date symlink: /home/victoria_rotich/gamefield/install/gamefield/share/gamefield/launch/view_gamefield.launch.py
-- Symlinking: /home/victoria_rotich/gamefield/install/gamefield/share/gamefield/sdf/gamefield.sdf
