[0.019s] Invoking command in '/home/victoria_rotich/gamefield/build/gamefield': CMAKE_PREFIX_PATH=${CMAKE_PREFIX_PATH}:/home/victoria_rotich/dojo_robotics_2025/install/talker:/home/victoria_rotich/dojo_robotics_2025/install/my_robot_package:/home/victoria_rotich/dojo_robotics_2025/install/listener:/home/victoria_rotich/dojo_robotics_2025/src/install/my_robot_package:/opt/ros/humble /usr/bin/cmake --build /home/victoria_rotich/gamefield/build/gamefield -- -j8 -l8
[0.191s] -- Found ament_cmake: 1.3.11 (/opt/ros/humble/share/ament_cmake/cmake)
[0.530s] -- Override CMake install command with custom implementation using symlinks instead of copying resources
[0.685s] -- Found rclcpp: 16.0.12 (/opt/ros/humble/share/rclcpp/cmake)
[1.163s] -- Found rosidl_generator_c: 3.1.6 (/opt/ros/humble/share/rosidl_generator_c/cmake)
[1.182s] -- Found rosidl_adapter: 3.1.6 (/opt/ros/humble/share/rosidl_adapter/cmake)
[1.221s] -- Found rosidl_generator_cpp: 3.1.6 (/opt/ros/humble/share/rosidl_generator_cpp/cmake)
[1.259s] -- Using all available rosidl_typesupport_c: rosidl_typesupport_fastrtps_c;rosidl_typesupport_introspection_c
[1.592s] -- Using all available rosidl_typesupport_cpp: rosidl_typesupport_fastrtps_cpp;rosidl_typesupport_introspection_cpp
[1.923s] -- Found rmw_implementation_cmake: 6.1.2 (/opt/ros/humble/share/rmw_implementation_cmake/cmake)
[1.964s] -- Found rmw_fastrtps_cpp: 6.2.7 (/opt/ros/humble/share/rmw_fastrtps_cpp/cmake)
[10.691s] -- Using RMW implementation 'rmw_fastrtps_cpp' as default
[13.248s] -- Found ament_lint_auto: 0.12.12 (/opt/ros/humble/share/ament_lint_auto/cmake)
[13.433s] -- Added test 'flake8' to check Python code syntax and style conventions
[13.434s] -- Added test 'lint_cmake' to check CMake code style
[13.435s] -- Added test 'pep257' to check Python code against some of the docstring style conventions in PEP 257
[13.438s] -- Added test 'xmllint' to check XML markup files
[13.442s] -- Configuring done
[13.472s] -- Generating done
[13.475s] -- Build files have been written to: /home/victoria_rotich/gamefield/build/gamefield
[13.504s] Invoked command in '/home/victoria_rotich/gamefield/build/gamefield' returned '0': CMAKE_PREFIX_PATH=${CMAKE_PREFIX_PATH}:/home/victoria_rotich/dojo_robotics_2025/install/talker:/home/victoria_rotich/dojo_robotics_2025/install/my_robot_package:/home/victoria_rotich/dojo_robotics_2025/install/listener:/home/victoria_rotich/dojo_robotics_2025/src/install/my_robot_package:/opt/ros/humble /usr/bin/cmake --build /home/victoria_rotich/gamefield/build/gamefield -- -j8 -l8
[13.515s] Invoking command in '/home/victoria_rotich/gamefield/build/gamefield': CMAKE_PREFIX_PATH=${CMAKE_PREFIX_PATH}:/home/victoria_rotich/dojo_robotics_2025/install/talker:/home/victoria_rotich/dojo_robotics_2025/install/my_robot_package:/home/victoria_rotich/dojo_robotics_2025/install/listener:/home/victoria_rotich/dojo_robotics_2025/src/install/my_robot_package:/opt/ros/humble /usr/bin/cmake --install /home/victoria_rotich/gamefield/build/gamefield
[13.521s] -- Install configuration: ""
[13.521s] -- Execute custom install script
[13.522s] -- Up-to-date symlink: /home/victoria_rotich/gamefield/install/gamefield/share/ament_index/resource_index/package_run_dependencies/gamefield
[13.522s] -- Up-to-date symlink: /home/victoria_rotich/gamefield/install/gamefield/share/ament_index/resource_index/parent_prefix_path/gamefield
[13.522s] -- Up-to-date symlink: /home/victoria_rotich/gamefield/install/gamefield/share/gamefield/environment/ament_prefix_path.sh
[13.522s] -- Up-to-date symlink: /home/victoria_rotich/gamefield/install/gamefield/share/gamefield/environment/ament_prefix_path.dsv
[13.523s] -- Up-to-date symlink: /home/victoria_rotich/gamefield/install/gamefield/share/gamefield/environment/path.sh
[13.523s] -- Up-to-date symlink: /home/victoria_rotich/gamefield/install/gamefield/share/gamefield/environment/path.dsv
[13.523s] -- Up-to-date symlink: /home/victoria_rotich/gamefield/install/gamefield/share/gamefield/local_setup.bash
[13.523s] -- Up-to-date symlink: /home/victoria_rotich/gamefield/install/gamefield/share/gamefield/local_setup.sh
[13.524s] -- Up-to-date symlink: /home/victoria_rotich/gamefield/install/gamefield/share/gamefield/local_setup.zsh
[13.524s] -- Up-to-date symlink: /home/victoria_rotich/gamefield/install/gamefield/share/gamefield/local_setup.dsv
[13.524s] -- Symlinking: /home/victoria_rotich/gamefield/install/gamefield/share/gamefield/package.dsv
[13.532s] -- Up-to-date symlink: /home/victoria_rotich/gamefield/install/gamefield/share/ament_index/resource_index/packages/gamefield
[13.532s] -- Up-to-date symlink: /home/victoria_rotich/gamefield/install/gamefield/share/gamefield/cmake/gamefieldConfig.cmake
[13.533s] -- Up-to-date symlink: /home/victoria_rotich/gamefield/install/gamefield/share/gamefield/cmake/gamefieldConfig-version.cmake
[13.533s] -- Up-to-date symlink: /home/victoria_rotich/gamefield/install/gamefield/share/gamefield/package.xml
[13.533s] -- Up-to-date symlink: /home/victoria_rotich/gamefield/install/gamefield/share/gamefield/urdf/gamefield.urdf
[13.534s] -- Up-to-date symlink: /home/victoria_rotich/gamefield/install/gamefield/share/gamefield/launch/launch_ign.launch.py
[13.534s] -- Up-to-date symlink: /home/victoria_rotich/gamefield/install/gamefield/share/gamefield/launch/view_gamefield.launch.py
[13.534s] -- Symlinking: /home/victoria_rotich/gamefield/install/gamefield/share/gamefield/sdf/gamefield.sdf
[13.544s] Invoked command in '/home/victoria_rotich/gamefield/build/gamefield' returned '0': CMAKE_PREFIX_PATH=${CMAKE_PREFIX_PATH}:/home/victoria_rotich/dojo_robotics_2025/install/talker:/home/victoria_rotich/dojo_robotics_2025/install/my_robot_package:/home/victoria_rotich/dojo_robotics_2025/install/listener:/home/victoria_rotich/dojo_robotics_2025/src/install/my_robot_package:/opt/ros/humble /usr/bin/cmake --install /home/victoria_rotich/gamefield/build/gamefield
